<?xml version="1.0" encoding="UTF-8"?>
<!-- Generated by org.testng.reporters.JUnitReportReporter -->
<testsuite hostname="user2" failures="0" tests="1" name="TestScripts.HiddenElements" time="8.652" errors="0" timestamp="2024-11-04T10:32:33 IST" skipped="0">
  <testcase classname="TestScripts.HiddenElements" name="Hidden" time="8.652"/>
  <system-out/>
</testsuite> <!-- TestScripts.HiddenElements -->
