<?xml version="1.0" encoding="UTF-8"?>
<!-- Generated by org.testng.reporters.JUnitReportReporter -->
<testsuite hostname="user2" failures="0" tests="1" name="TestScripts.WindowHandles" time="16.284" errors="0" timestamp="2024-11-06T10:16:59 IST" skipped="0">
  <testcase classname="TestScripts.WindowHandles" name="Windows" time="16.284"/>
  <system-out/>
</testsuite> <!-- TestScripts.WindowHandles -->
