<?xml version="1.0" encoding="UTF-8"?>
<!-- Generated by org.testng.reporters.JUnitReportReporter -->
<testsuite hostname="user2" failures="0" tests="1" name="TestScripts.ToolTips" time="30.061" errors="0" timestamp="2024-11-06T11:07:50 IST" skipped="0">
  <testcase classname="TestScripts.ToolTips" name="Tooltip" time="30.061"/>
  <system-out/>
</testsuite> <!-- TestScripts.ToolTips -->
