<?xml version="1.0" encoding="UTF-8"?>
<!-- Generated by org.testng.reporters.JUnitReportReporter -->
<testsuite hostname="user2" failures="0" tests="1" name="TestScripts.DropDownsIteration" time="18.302" errors="0" timestamp="2024-11-05T10:13:24 IST" skipped="0">
  <testcase classname="TestScripts.DropDownsIteration" name="IterationConcept" time="18.302"/>
  <system-out/>
</testsuite> <!-- TestScripts.DropDownsIteration -->
