<?xml version="1.0" encoding="UTF-8"?>
<!-- Generated by org.testng.reporters.JUnitReportReporter -->
<testsuite hostname="user2" failures="0" tests="2" name="TestScripts.ChromeDevTools" time="20.622" errors="0" timestamp="2024-11-12T12:36:24 IST" skipped="0">
  <testcase classname="TestScripts.ChromeDevTools" name="geoLocationTest" time="8.265"/>
  <system-out/>
  <testcase classname="TestScripts.ChromeDevTools" name="deviceModeTest" time="12.357"/>
  <system-out/>
</testsuite> <!-- TestScripts.ChromeDevTools -->
