<?xml version="1.0" encoding="UTF-8"?>
<!-- Generated by org.testng.reporters.JUnitReportReporter -->
<testsuite hostname="user2" failures="0" tests="1" name="TestScripts.IFrame" time="9.264" errors="0" timestamp="2024-11-06T10:43:17 IST" skipped="0">
  <testcase classname="TestScripts.IFrame" name="frame" time="9.264"/>
  <system-out/>
</testsuite> <!-- TestScripts.IFrame -->
