<?xml version="1.0" encoding="UTF-8"?>
<!-- Generated by org.testng.reporters.JUnitReportReporter -->
<testsuite hostname="user2" failures="0" tests="1" name="TestScripts.GooglePageTest1" time="12.264" errors="0" timestamp="2024-10-29T11:29:09 IST" skipped="0">
  <testcase classname="TestScripts.GooglePageTest1" name="search" time="12.264"/>
  <system-out/>
</testsuite> <!-- TestScripts.GooglePageTest1 -->
