<?xml version="1.0" encoding="UTF-8"?>
<!-- Generated by org.testng.reporters.JUnitReportReporter -->
<testsuite hostname="user2" failures="0" tests="1" name="TestScripts.MouseActions" time="9.471" errors="0" timestamp="2024-11-05T10:08:45 IST" skipped="0">
  <testcase classname="TestScripts.MouseActions" name="search" time="9.471"/>
  <system-out/>
</testsuite> <!-- TestScripts.MouseActions -->
