<?xml version="1.0" encoding="UTF-8"?>
<!-- Generated by org.testng.reporters.JUnitReportReporter -->
<testsuite hostname="user2" failures="0" tests="1" name="TestScripts.LocatorClass" time="11.866" errors="0" timestamp="2024-10-29T12:01:20 IST" skipped="0">
  <testcase classname="TestScripts.LocatorClass" name="LaunchPage" time="11.866"/>
  <system-out/>
</testsuite> <!-- TestScripts.LocatorClass -->
