<?xml version="1.0" encoding="UTF-8"?>
<!-- Generated by org.testng.reporters.JUnitReportReporter -->
<testsuite hostname="user2" failures="0" tests="1" name="TestScripts.WebTables" time="30.581" errors="0" timestamp="2024-11-06T11:34:34 IST" skipped="0">
  <testcase classname="TestScripts.WebTables" name="AutoCompleteTest" time="30.581"/>
  <system-out/>
</testsuite> <!-- TestScripts.WebTables -->
