<?xml version="1.0" encoding="UTF-8"?>
<!-- Generated by org.testng.reporters.JUnitReportReporter -->
<testsuite hostname="user2" failures="0" tests="1" name="TestScripts.MouseActions" time="13.385" errors="0" timestamp="2024-11-04T12:41:33 IST" skipped="0">
  <testcase classname="TestScripts.MouseActions" name="search" time="13.385"/>
  <system-out/>
</testsuite> <!-- TestScripts.MouseActions -->
