<?xml version="1.0" encoding="UTF-8"?>
<!-- Generated by org.testng.reporters.JUnitReportReporter -->
<testsuite hostname="user2" failures="0" tests="1" name="TestScripts.LocatorClass" time="14.756" errors="0" timestamp="2024-11-04T09:47:45 IST" skipped="0">
  <testcase classname="TestScripts.LocatorClass" name="LaunchPage" time="14.756"/>
  <system-out/>
</testsuite> <!-- TestScripts.LocatorClass -->
