<?xml version="1.0" encoding="UTF-8"?>
<!-- Generated by org.testng.reporters.JUnitReportReporter -->
<testsuite hostname="user2" failures="0" tests="1" name="TestScripts.JSExecutorTest" time="18.850" errors="0" timestamp="2024-11-06T13:26:14 IST" skipped="0">
  <testcase classname="TestScripts.JSExecutorTest" name="PageLoad" time="18.850"/>
  <system-out/>
</testsuite> <!-- TestScripts.JSExecutorTest -->
