<?xml version="1.0" encoding="UTF-8"?>
<!-- Generated by org.testng.reporters.JUnitReportReporter -->
<testsuite hostname="user2" failures="0" tests="1" name="TestScripts.RemoteWebdriverTest" time="12.757" errors="0" timestamp="2024-11-12T11:38:58 IST" skipped="0">
  <testcase classname="TestScripts.RemoteWebdriverTest" name="VMDriver" time="12.757"/>
  <system-out/>
</testsuite> <!-- TestScripts.RemoteWebdriverTest -->
