<?xml version="1.0" encoding="UTF-8"?>
<!-- Generated by org.testng.reporters.JUnitReportReporter -->
<testsuite hostname="user2" failures="0" tests="1" name="TestScripts.WebTables" time="8.712" errors="0" timestamp="2024-10-30T10:39:12 IST" skipped="0">
  <testcase classname="TestScripts.WebTables" name="List" time="8.712"/>
  <system-out/>
</testsuite> <!-- TestScripts.WebTables -->
