<?xml version="1.0" encoding="UTF-8"?>
<!-- Generated by org.testng.reporters.JUnitReportReporter -->
<testsuite hostname="user2" failures="0" tests="1" name="TestScripts.FileUpload" time="15.242" errors="0" timestamp="2024-11-05T10:32:50 IST" skipped="0">
  <testcase classname="TestScripts.FileUpload" name="UploadFile" time="15.242"/>
  <system-out/>
</testsuite> <!-- TestScripts.FileUpload -->
