<?xml version="1.0" encoding="UTF-8"?>
<!-- Generated by org.testng.reporters.JUnitReportReporter -->
<testsuite hostname="user2" failures="0" tests="1" name="TestScripts.GooglePageTest1" time="12.083" errors="0" timestamp="2024-11-16T17:01:35 IST" skipped="0">
  <testcase classname="TestScripts.GooglePageTest1" name="search" time="12.083"/>
  <system-out/>
</testsuite> <!-- TestScripts.GooglePageTest1 -->
