<?xml version="1.0" encoding="UTF-8"?>
<!-- Generated by org.testng.reporters.JUnitReportReporter -->
<testsuite hostname="user2" failures="0" tests="1" name="TestScripts.DropDowns" time="11.279" errors="0" timestamp="2024-11-04T12:00:39 IST" skipped="0">
  <testcase classname="TestScripts.DropDowns" name="RadioBtn" time="11.279"/>
  <system-out/>
</testsuite> <!-- TestScripts.DropDowns -->
