<?xml version="1.0" encoding="UTF-8"?>
<!-- Generated by org.testng.reporters.JUnitReportReporter -->
<testsuite hostname="user2" failures="0" tests="2" name="ParallelScripts.SampleParralelThree" time="0.008" errors="0" timestamp="2024-11-07T13:21:29 IST" skipped="0">
  <testcase classname="ParallelScripts.SampleParralelThree" name="SampleTwo" time="0.003"/>
  <system-out/>
  <testcase classname="ParallelScripts.SampleParralelThree" name="SampleOne" time="0.005"/>
  <system-out/>
</testsuite> <!-- ParallelScripts.SampleParralelThree -->
