<?xml version="1.0" encoding="UTF-8"?>
<!-- Generated by org.testng.reporters.JUnitReportReporter -->
<testsuite hostname="user2" failures="0" tests="1" name="TestScripts.RadioButtons" time="14.918" errors="0" timestamp="2024-11-04T10:59:31 IST" skipped="0">
  <testcase classname="TestScripts.RadioButtons" name="RadioBtn" time="14.918"/>
  <system-out/>
</testsuite> <!-- TestScripts.RadioButtons -->
