<?xml version="1.0" encoding="UTF-8"?>
<!-- Generated by org.testng.reporters.JUnitReportReporter -->
<testsuite hostname="user2" failures="0" tests="1" name="TestScripts.ShadowDom" time="11.321" errors="0" timestamp="2024-11-05T12:24:55 IST" skipped="0">
  <testcase classname="TestScripts.ShadowDom" name="Download" time="11.321"/>
  <system-out/>
</testsuite> <!-- TestScripts.ShadowDom -->
