<?xml version="1.0" encoding="UTF-8"?>
<!-- Generated by org.testng.reporters.JUnitReportReporter -->
<testsuite hostname="user2" failures="0" tests="1" name="TestScripts.FileDownload" time="11.583" errors="0" timestamp="2024-11-05T12:14:15 IST" skipped="0">
  <testcase classname="TestScripts.FileDownload" name="Download" time="11.583"/>
  <system-out/>
</testsuite> <!-- TestScripts.FileDownload -->
