<?xml version="1.0" encoding="UTF-8"?>
<!-- Generated by org.testng.reporters.JUnitReportReporter -->
<testsuite hostname="user2" failures="0" tests="4" name="ParallelScripts.SampleParralelTwo" time="0.033" errors="0" timestamp="2024-11-08T12:35:14 IST" skipped="0">
  <testcase classname="ParallelScripts.SampleParralelTwo" name="SampleTwo" time="0.008"/>
  <system-out/>
  <testcase classname="ParallelScripts.SampleParralelTwo" name="SampleOne" time="0.003"/>
  <system-out/>
  <testcase classname="ParallelScripts.SampleParralelTwo" name="SampleThree" time="0.009"/>
  <system-out/>
  <testcase classname="ParallelScripts.SampleParralelTwo" name="SampleFour" time="0.013"/>
  <system-out/>
</testsuite> <!-- ParallelScripts.SampleParralelTwo -->
