<?xml version="1.0" encoding="UTF-8"?>
<!-- Generated by org.testng.reporters.JUnitReportReporter -->
<testsuite hostname="user2" failures="0" tests="1" name="TestScripts.DoubleClick" time="29.402" errors="0" timestamp="2024-11-04T13:11:41 IST" skipped="0">
  <testcase classname="TestScripts.DoubleClick" name="search" time="29.402"/>
  <system-out/>
</testsuite> <!-- TestScripts.DoubleClick -->
