<?xml version="1.0" encoding="UTF-8"?>
<!-- Generated by org.testng.reporters.JUnitReportReporter -->
<testsuite hostname="user2" failures="0" tests="2" name="TestScripts.LogiinTest" time="30.707" errors="0" timestamp="2024-11-11T11:05:27 IST" skipped="0">
  <testcase classname="TestScripts.LogiinTest" name="LaunchPageSecondTime" time="17.172"/>
  <system-out/>
  <testcase classname="TestScripts.LogiinTest" name="LaunchPage" time="13.535"/>
  <system-out/>
</testsuite> <!-- TestScripts.LogiinTest -->
