<?xml version="1.0" encoding="UTF-8"?>
<!-- Generated by org.testng.reporters.JUnitReportReporter -->
<testsuite hostname="user2" failures="0" tests="1" name="TestScripts.IFrame" time="16.806" errors="0" timestamp="2024-11-18T13:04:56 IST" skipped="0">
  <testcase classname="TestScripts.IFrame" name="frame" time="16.806"/>
  <system-out/>
</testsuite> <!-- TestScripts.IFrame -->
